Base path: C:/Program Files/Unity/Editor/Data
Cmd: initializeCompiler
Cmd: preprocess
  insize=3181 outsize=324 ok=1
Cmd: preprocess
  insize=6931 outsize=3267 ok=1
Cmd: preprocess
  insize=3183 outsize=321 ok=1
Cmd: compileComputeKernel
  api=4 insize=2023 outsize=1517 ok=1
Cmd: preprocess
  insize=3064 outsize=412 ok=1
Cmd: preprocess
  insize=2627 outsize=295 ok=1
Cmd: preprocess
  insize=2691 outsize=392 ok=1
Cmd: preprocess
  insize=11823 outsize=981 ok=1
Cmd: preprocess
  insize=1524 outsize=233 ok=1
Cmd: compileComputeKernel
  api=4 insize=746 outsize=829 ok=1
Cmd: compileComputeKernel
  api=4 insize=7328 outsize=9677 ok=1
Cmd: preprocess
  insize=780 outsize=232 ok=1
Cmd: preprocess
  insize=10149 outsize=320 ok=1
Cmd: preprocess
  insize=1867 outsize=322 ok=1
Cmd: compileComputeKernel
  api=4 insize=4913 outsize=3733 ok=1
Cmd: compileComputeKernel
  api=4 insize=1435 outsize=1561 ok=1
Cmd: preprocess
  insize=3736 outsize=374 ok=1
Cmd: preprocess
  insize=2581 outsize=865 ok=1
Cmd: compileComputeKernel
  api=4 insize=2275 outsize=2561 ok=1
Cmd: preprocess
  insize=5962 outsize=1841 ok=1
Cmd: compileComputeKernel
  api=4 insize=3273 outsize=1925 ok=1
Cmd: preprocess
  insize=6398 outsize=385 ok=1
Cmd: preprocess
  insize=628 outsize=231 ok=1
Cmd: preprocess
  insize=2264 outsize=298 ok=1
Cmd: preprocess
  insize=1719 outsize=372 ok=1
Cmd: compileComputeKernel
  api=4 insize=9225 outsize=8529 ok=1
Cmd: preprocess
  insize=32239 outsize=1540 ok=1
Cmd: preprocess
  insize=3235 outsize=826 ok=1
Cmd: preprocess
  insize=2724 outsize=1368 ok=1
Cmd: compileComputeKernel
  api=4 insize=5392 outsize=6445 ok=1
Cmd: preprocess
  insize=7323 outsize=838 ok=1
Cmd: preprocess
  insize=7036 outsize=422 ok=1
Cmd: preprocess
  insize=983 outsize=299 ok=1
Cmd: preprocess
  insize=6814 outsize=496 ok=1
Cmd: preprocess
  insize=2507 outsize=1112 ok=1
Cmd: preprocess
  insize=1933 outsize=300 ok=1
Cmd: compileComputeKernel
  api=4 insize=2645 outsize=1329 ok=1
Cmd: preprocess
  insize=11666 outsize=680 ok=1
Cmd: preprocess
  insize=2501 outsize=489 ok=1
Cmd: compileComputeKernel
  api=4 insize=1759 outsize=1389 ok=1
Cmd: preprocess
  insize=4286 outsize=558 ok=1
Cmd: compileComputeKernel
  api=4 insize=1526 outsize=1533 ok=1
Cmd: preprocess
  insize=1610 outsize=236 ok=1
Cmd: preprocess
  insize=5627 outsize=2670 ok=1
Cmd: preprocess
  insize=1715 outsize=368 ok=1
Cmd: preprocess
  insize=3673 outsize=236 ok=1
Cmd: preprocess
  insize=12097 outsize=1047 ok=1
Cmd: preprocess
  insize=2758 outsize=324 ok=1
Cmd: preprocess
  insize=6111 outsize=1315 ok=1
Cmd: preprocess
  insize=1176 outsize=411 ok=1
Cmd: preprocess
  insize=3437 outsize=244 ok=1
Cmd: preprocess
  insize=3212 outsize=1435 ok=1
Cmd: preprocess
  insize=3750 outsize=385 ok=1
Cmd: compileComputeKernel
  api=4 insize=1381 outsize=1461 ok=1
Cmd: compileComputeKernel
  api=4 insize=2343 outsize=1341 ok=1
Cmd: compileComputeKernel
  api=4 insize=1472 outsize=1013 ok=1
Cmd: preprocess
  insize=3433 outsize=1527 ok=1
Cmd: preprocess
  insize=1978 outsize=955 ok=1
Cmd: preprocess
  insize=4521 outsize=588 ok=1
Cmd: preprocess
  insize=2651 outsize=234 ok=1
Cmd: preprocess
  insize=2070 outsize=770 ok=1
Cmd: preprocess
  insize=1409 outsize=310 ok=1
Cmd: preprocess
  insize=3078 outsize=304 ok=1
Cmd: preprocess
  insize=6664 outsize=3110 ok=1
Cmd: compileComputeKernel
  api=4 insize=1954 outsize=1517 ok=1
Cmd: preprocess
  insize=11491 outsize=935 ok=1
Cmd: preprocess
  insize=1467 outsize=219 ok=1
Cmd: compileComputeKernel
  api=4 insize=715 outsize=829 ok=1
Cmd: compileComputeKernel
  api=4 insize=7145 outsize=9677 ok=1
Cmd: preprocess
  insize=746 outsize=218 ok=1
Cmd: preprocess
  insize=9887 outsize=300 ok=1
Cmd: preprocess
  insize=1802 outsize=303 ok=1
Cmd: compileComputeKernel
  api=4 insize=4741 outsize=3733 ok=1
Cmd: preprocess
  insize=2476 outsize=831 ok=1
Cmd: compileComputeKernel
  api=4 insize=2193 outsize=2561 ok=1
Cmd: preprocess
  insize=6227 outsize=364 ok=1
Cmd: preprocess
  insize=597 outsize=217 ok=1
Cmd: preprocess
  insize=1656 outsize=350 ok=1
Cmd: compileComputeKernel
  api=4 insize=8981 outsize=8529 ok=1
Cmd: preprocess
  insize=3127 outsize=789 ok=1
Cmd: compileComputeKernel
  api=4 insize=5248 outsize=6445 ok=1
Cmd: preprocess
  insize=6818 outsize=397 ok=1
Cmd: preprocess
  insize=2404 outsize=1061 ok=1
Cmd: compileComputeKernel
  api=4 insize=2575 outsize=1329 ok=1
Cmd: compileComputeKernel
  api=4 insize=1707 outsize=1389 ok=1
Cmd: preprocess
  insize=1552 outsize=222 ok=1
Cmd: preprocess
  insize=3562 outsize=223 ok=1
Cmd: preprocess
  insize=11733 outsize=997 ok=1
Cmd: preprocess
  insize=2679 outsize=303 ok=1
Cmd: preprocess
  insize=5908 outsize=1251 ok=1
Cmd: preprocess
  insize=1121 outsize=390 ok=1
Cmd: preprocess
  insize=3085 outsize=1373 ok=1
Cmd: preprocess
  insize=3632 outsize=364 ok=1
Cmd: compileComputeKernel
  api=4 insize=1337 outsize=1461 ok=1
Cmd: compileComputeKernel
  api=4 insize=1423 outsize=1013 ok=1
Cmd: preprocess
  insize=4376 outsize=554 ok=1
Cmd: preprocess
  insize=2555 outsize=220 ok=1
Cmd: preprocess
  insize=1979 outsize=735 ok=1
Cmd: preprocess
  insize=1344 outsize=291 ok=1
Cmd: compileSnippet
  api=4 type=0 insize=3729 outsize=558 kw=FXAA_LOW pd=UNITY_ENABLE_REFLECTION_BUFFERS UNITY_USE_DITHER_MASK_FOR_ALPHABLENDED_SHADOWS UNITY_PBS_USE_BRDF1 UNITY_SPECCUBE_BOX_PROJECTION UNITY_SPECCUBE_BLENDING UNITY_ENABLE_DETAIL_NORMALMAP SHADER_API_DESKTOP UNITY_LIGHT_PROBE_PROXY_VOLUME UNITY_LIGHTMAP_FULL_HDR ok=1
Cmd: compileSnippet
  api=4 type=1 insize=3729 outsize=12018 kw=FXAA_LOW pd=UNITY_ENABLE_REFLECTION_BUFFERS UNITY_USE_DITHER_MASK_FOR_ALPHABLENDED_SHADOWS UNITY_PBS_USE_BRDF1 UNITY_SPECCUBE_BOX_PROJECTION UNITY_SPECCUBE_BLENDING UNITY_ENABLE_DETAIL_NORMALMAP SHADER_API_DESKTOP UNITY_LIGHT_PROBE_PROXY_VOLUME UNITY_LIGHTMAP_FULL_HDR ok=1
Cmd: compileSnippet
  api=4 type=0 insize=1306 outsize=690 kw= pd=UNITY_ENABLE_REFLECTION_BUFFERS UNITY_USE_DITHER_MASK_FOR_ALPHABLENDED_SHADOWS UNITY_PBS_USE_BRDF1 UNITY_SPECCUBE_BOX_PROJECTION UNITY_SPECCUBE_BLENDING UNITY_ENABLE_DETAIL_NORMALMAP SHADER_API_DESKTOP UNITY_LIGHT_PROBE_PROXY_VOLUME UNITY_LIGHTMAP_FULL_HDR ok=1
Cmd: compileSnippet
  api=4 type=1 insize=1306 outsize=974 kw= pd=UNITY_ENABLE_REFLECTION_BUFFERS UNITY_USE_DITHER_MASK_FOR_ALPHABLENDED_SHADOWS UNITY_PBS_USE_BRDF1 UNITY_SPECCUBE_BOX_PROJECTION UNITY_SPECCUBE_BLENDING UNITY_ENABLE_DETAIL_NORMALMAP SHADER_API_DESKTOP UNITY_LIGHT_PROBE_PROXY_VOLUME UNITY_LIGHTMAP_FULL_HDR ok=1
Cmd: compileSnippet
  api=4 type=0 insize=9744 outsize=554 kw=BLOOM COLOR_GRADING_HDR_3D pd=UNITY_ENABLE_REFLECTION_BUFFERS UNITY_USE_DITHER_MASK_FOR_ALPHABLENDED_SHADOWS UNITY_PBS_USE_BRDF1 UNITY_SPECCUBE_BOX_PROJECTION UNITY_SPECCUBE_BLENDING UNITY_ENABLE_DETAIL_NORMALMAP SHADER_API_DESKTOP UNITY_LIGHT_PROBE_PROXY_VOLUME UNITY_LIGHTMAP_FULL_HDR ok=1
Cmd: compileSnippet
  api=4 type=1 insize=9744 outsize=2554 kw=BLOOM COLOR_GRADING_HDR_3D pd=UNITY_ENABLE_REFLECTION_BUFFERS UNITY_USE_DITHER_MASK_FOR_ALPHABLENDED_SHADOWS UNITY_PBS_USE_BRDF1 UNITY_SPECCUBE_BOX_PROJECTION UNITY_SPECCUBE_BLENDING UNITY_ENABLE_DETAIL_NORMALMAP SHADER_API_DESKTOP UNITY_LIGHT_PROBE_PROXY_VOLUME UNITY_LIGHTMAP_FULL_HDR ok=1
